11-04 11:22:07 com_github_MitjaNemec_ReplicateLayout.action_replicate_layout 303:Plugin executed on: 'linux'
11-04 11:22:07 com_github_MitjaNemec_ReplicateLayout.action_replicate_layout 304:Plugin executed with python version: '3.10.6 (main, Nov  2 2022, 18:53:38) [GCC 11.3.0]'
11-04 11:22:07 com_github_MitjaNemec_ReplicateLayout.action_replicate_layout 305:KiCad build version: 6.0.8-f2edbf62ab~116~ubuntu22.04.1
11-04 11:22:07 com_github_MitjaNemec_ReplicateLayout.action_replicate_layout 306:Plugin version: 1.2.1
11-04 11:22:07 com_github_MitjaNemec_ReplicateLayout.action_replicate_layout 307:Frame repr: <wx._core.Frame object at 0x7f3d4fa2e0e0>
11-04 11:22:07 com_github_MitjaNemec_ReplicateLayout.action_replicate_layout 331:Preparing replicator with LD20 as a reference
11-04 11:22:07 com_github_MitjaNemec_ReplicateLayout.replicate_layout 106:getting a list of all footprints on board
11-04 11:22:07 com_github_MitjaNemec_ReplicateLayout.action_replicate_layout 359:source anchor footprint is 'LD20'
Located on: ['LED 4x2 Left 2']
With filenames: ['File: led_4x2_left.kicad_sch']
With sheet_id:['LED 4x2 Left 2']
11-04 11:22:07 com_github_MitjaNemec_ReplicateLayout.action_replicate_layout 366:Corresponding footprints are 
[('LD20', ['LED 4x2 Left 2']), ('LD36', ['LED 4x2 Left 3']), ('LD52', ['LED 4x2 Left 4']), ('LD4', ['LED 4x2 Left 1'])]
11-04 11:22:07 com_github_MitjaNemec_ReplicateLayout.action_replicate_layout 378:Showing dialog
11-04 11:22:07 com_github_MitjaNemec_ReplicateLayout.replicate_layout 344:constructing a list of sheets suitable for replication on level:'LED 4x2 Left 2', file:'File: led_4x2_left.kicad_sch'
11-04 11:22:07 com_github_MitjaNemec_ReplicateLayout.replicate_layout 381:suitable sheets are:[['LED 4x2 Left 1'], ['LED 4x2 Left 3'], ['LED 4x2 Left 4']]
11-04 11:22:07 com_github_MitjaNemec_ReplicateLayout.replicate_layout 1112:Level selected: ['LED 4x2 Left 2']
11-04 11:22:07 com_github_MitjaNemec_ReplicateLayout.action_replicate_layout 384:Toolbar position: wx.Point(1701, 138)
11-04 11:22:07 com_github_MitjaNemec_ReplicateLayout.action_replicate_layout 390:Dialog position: wx.Point(1337, 138)
11-04 11:22:10 com_github_MitjaNemec_ReplicateLayout.replicate_layout 344:constructing a list of sheets suitable for replication on level:'LED 4x2 Left 2', file:'File: led_4x2_left.kicad_sch'
11-04 11:22:10 com_github_MitjaNemec_ReplicateLayout.replicate_layout 381:suitable sheets are:[['LED 4x2 Left 1'], ['LED 4x2 Left 3'], ['LED 4x2 Left 4']]
11-04 11:22:10 com_github_MitjaNemec_ReplicateLayout.action_replicate_layout 157:Replicating layout
11-04 11:22:10 com_github_MitjaNemec_ReplicateLayout.replicate_layout 154:Starting replication of sheets: [['LED 4x2 Left 4']]
on level: ['LED 4x2 Left 2']
with tracks=True, zone=True, text=True, text=True, containing=True, remove=False, locked footprints=False, by_group=False
11-04 11:22:10 root 243:updating GUI message: 'Preparing for replication'
11-04 11:22:11 root 248:updating GUI with: 0
11-04 11:22:11 com_github_MitjaNemec_ReplicateLayout.replicate_layout 224:Getting the list of source footprints
11-04 11:22:11 root 248:updating GUI with: 0
11-04 11:22:11 com_github_MitjaNemec_ReplicateLayout.replicate_layout 239:Getting the list of all the remaining footprints
11-04 11:22:11 com_github_MitjaNemec_ReplicateLayout.replicate_layout 244:Getting nets local to source footprints
11-04 11:22:11 com_github_MitjaNemec_ReplicateLayout.replicate_layout 247:Getting source bounding box
11-04 11:22:11 com_github_MitjaNemec_ReplicateLayout.replicate_layout 251:Getting source tracks
11-04 11:22:11 com_github_MitjaNemec_ReplicateLayout.replicate_layout 266:Getting source zones
11-04 11:22:11 root 248:updating GUI with: 62
11-04 11:22:11 com_github_MitjaNemec_ReplicateLayout.replicate_layout 275:Getting source text items
11-04 11:22:11 root 248:updating GUI with: 75
11-04 11:22:11 com_github_MitjaNemec_ReplicateLayout.replicate_layout 284:Getting source drawing items
11-04 11:22:11 root 243:updating GUI message: 'Replicating footprints'
11-04 11:22:11 com_github_MitjaNemec_ReplicateLayout.replicate_layout 678:Replicating footprints
11-04 11:22:11 com_github_MitjaNemec_ReplicateLayout.replicate_layout 684:Replicating footprints on sheet ['LED 4x2 Left 4']
11-04 11:22:11 root 248:updating GUI with: 73
11-04 11:22:11 root 248:updating GUI with: 76
11-04 11:22:11 root 243:updating GUI message: 'Replicating tracks'
11-04 11:22:11 com_github_MitjaNemec_ReplicateLayout.replicate_layout 844:Replicating tracks
11-04 11:22:11 com_github_MitjaNemec_ReplicateLayout.replicate_layout 850:Replicating tracks on sheet ['LED 4x2 Left 4']
11-04 11:22:11 root 248:updating GUI with: 26
11-04 11:22:11 root 243:updating GUI message: 'Replicating zones'
11-04 11:22:11 com_github_MitjaNemec_ReplicateLayout.replicate_layout 909:Replicating zones
11-04 11:22:11 root 248:updating GUI with: 0
11-04 11:22:11 com_github_MitjaNemec_ReplicateLayout.replicate_layout 916:Replicating zones on sheet ['LED 4x2 Left 4']
11-04 11:22:11 root 243:updating GUI message: 'Replicating text'
11-04 11:22:11 com_github_MitjaNemec_ReplicateLayout.replicate_layout 985:Replicating text
11-04 11:22:11 com_github_MitjaNemec_ReplicateLayout.replicate_layout 992:Replicating text on sheet ['LED 4x2 Left 4']
11-04 11:22:11 root 243:updating GUI message: 'Replicating drawings'
11-04 11:22:11 com_github_MitjaNemec_ReplicateLayout.replicate_layout 1032:Replicating drawings
11-04 11:22:11 com_github_MitjaNemec_ReplicateLayout.replicate_layout 1038:Replicating drawings on sheet ['LED 4x2 Left 4']
11-04 11:22:11 com_github_MitjaNemec_ReplicateLayout.action_replicate_layout 177:Replication complete
